<?xml version="1.0" encoding="UTF-8"?>
<testng-results ignored="0" total="4" passed="3" failed="1" skipped="0">
  <reporter-output>
  </reporter-output>
  <suite started-at="2023-04-13T13:27:27 IST" name="Default suite" finished-at="2023-04-13T13:29:27 IST" duration-ms="119117">
    <groups>
    </groups>
    <test started-at="2023-04-13T13:27:27 IST" name="Default test" finished-at="2023-04-13T13:29:27 IST" duration-ms="119117">
      <class name="project.Amazon_new">
        <test-method is-config="true" signature="launchbrowser()[pri:0, instance:project.Amazon_new@78123e82]" started-at="2023-04-13T13:27:27 IST" name="launchbrowser" finished-at="2023-04-13T13:27:41 IST" duration-ms="13347" status="PASS">
          <reporter-output>
          </reporter-output>
        </test-method> <!-- launchbrowser -->
        <test-method signature="LoginCheck()[pri:1, instance:project.Amazon_new@78123e82]" started-at="2023-04-13T13:27:41 IST" name="LoginCheck" finished-at="2023-04-13T13:27:44 IST" duration-ms="3601" status="PASS">
          <reporter-output>
          </reporter-output>
        </test-method> <!-- LoginCheck -->
        <test-method is-config="true" signature="quit()[pri:0, instance:project.Amazon_new@78123e82]" started-at="2023-04-13T13:27:44 IST" name="quit" finished-at="2023-04-13T13:27:45 IST" duration-ms="346" status="PASS">
          <reporter-output>
          </reporter-output>
        </test-method> <!-- quit -->
        <test-method is-config="true" signature="launchbrowser()[pri:0, instance:project.Amazon_new@78123e82]" started-at="2023-04-13T13:27:45 IST" name="launchbrowser" finished-at="2023-04-13T13:27:55 IST" duration-ms="10144" status="PASS">
          <reporter-output>
          </reporter-output>
        </test-method> <!-- launchbrowser -->
        <test-method signature="FindFirstResult()[pri:2, instance:project.Amazon_new@78123e82]" started-at="2023-04-13T13:27:55 IST" name="FindFirstResult" finished-at="2023-04-13T13:28:02 IST" duration-ms="6696" status="PASS">
          <reporter-output>
          </reporter-output>
        </test-method> <!-- FindFirstResult -->
        <test-method is-config="true" signature="quit()[pri:0, instance:project.Amazon_new@78123e82]" started-at="2023-04-13T13:28:02 IST" name="quit" finished-at="2023-04-13T13:28:02 IST" duration-ms="341" status="PASS">
          <reporter-output>
          </reporter-output>
        </test-method> <!-- quit -->
        <test-method is-config="true" signature="launchbrowser()[pri:0, instance:project.Amazon_new@78123e82]" started-at="2023-04-13T13:28:02 IST" name="launchbrowser" finished-at="2023-04-13T13:28:13 IST" duration-ms="10816" status="PASS">
          <reporter-output>
          </reporter-output>
        </test-method> <!-- launchbrowser -->
        <test-method signature="Addtocart()[pri:3, instance:project.Amazon_new@78123e82]" started-at="2023-04-13T13:28:13 IST" name="Addtocart" finished-at="2023-04-13T13:28:36 IST" duration-ms="23207" status="PASS">
          <reporter-output>
          </reporter-output>
        </test-method> <!-- Addtocart -->
        <test-method is-config="true" signature="quit()[pri:0, instance:project.Amazon_new@78123e82]" started-at="2023-04-13T13:28:36 IST" name="quit" finished-at="2023-04-13T13:28:36 IST" duration-ms="374" status="PASS">
          <reporter-output>
          </reporter-output>
        </test-method> <!-- quit -->
        <test-method is-config="true" signature="launchbrowser()[pri:0, instance:project.Amazon_new@78123e82]" started-at="2023-04-13T13:28:36 IST" name="launchbrowser" finished-at="2023-04-13T13:28:47 IST" duration-ms="10638" status="PASS">
          <reporter-output>
          </reporter-output>
        </test-method> <!-- launchbrowser -->
        <test-method signature="OrderConfirmationTest()[pri:4, instance:project.Amazon_new@78123e82]" started-at="2023-04-13T13:28:47 IST" name="OrderConfirmationTest" finished-at="2023-04-13T13:29:25 IST" duration-ms="38330" status="FAIL">
          <exception class="org.openqa.selenium.NoSuchElementException">
            <message>
              <![CDATA[no such element: Unable to locate element: {"method":"xpath","selector":"//input[@name='placeYourOrder1' and @class='a-button-input' and @aria-labelledby='bottomSubmitOrderButtonId-announce']"}
  (Session info: chrome=111.0.5563.147)
For documentation on this error, please visit: https://selenium.dev/exceptions/#no_such_element
Build info: version: '4.8.3', revision: 'e5e76298c3'
System info: os.name: 'Windows 10', os.arch: 'amd64', os.version: '10.0', java.version: '17.0.6'
Driver info: org.openqa.selenium.chrome.ChromeDriver
Command: [32c801ed0644a076aba4a6d7006d917c, findElement {using=xpath, value=//input[@name='placeYourOrder1' and @class='a-button-input' and @aria-labelledby='bottomSubmitOrderButtonId-announce']}]
Capabilities {acceptInsecureCerts: false, browserName: chrome, browserVersion: 111.0.5563.147, chrome: {chromedriverVersion: 111.0.5563.64 (c710e93d5b63..., userDataDir: C:\Users\jayas\AppData\Loca...}, goog:chromeOptions: {debuggerAddress: localhost:52398}, networkConnectionEnabled: false, pageLoadStrategy: normal, platformName: WINDOWS, proxy: Proxy(), se:cdp: ws://localhost:52398/devtoo..., se:cdpVersion: 111.0.5563.147, setWindowRect: true, strictFileInteractability: false, timeouts: {implicit: 0, pageLoad: 300000, script: 30000}, unhandledPromptBehavior: dismiss and notify, webauthn:extension:credBlob: true, webauthn:extension:largeBlob: true, webauthn:extension:minPinLength: true, webauthn:extension:prf: true, webauthn:virtualAuthenticators: true}
Session ID: 32c801ed0644a076aba4a6d7006d917c]]>
            </message>
            <full-stacktrace>
              <![CDATA[org.openqa.selenium.NoSuchElementException: no such element: Unable to locate element: {"method":"xpath","selector":"//input[@name='placeYourOrder1' and @class='a-button-input' and @aria-labelledby='bottomSubmitOrderButtonId-announce']"}
  (Session info: chrome=111.0.5563.147)
For documentation on this error, please visit: https://selenium.dev/exceptions/#no_such_element
Build info: version: '4.8.3', revision: 'e5e76298c3'
System info: os.name: 'Windows 10', os.arch: 'amd64', os.version: '10.0', java.version: '17.0.6'
Driver info: org.openqa.selenium.chrome.ChromeDriver
Command: [32c801ed0644a076aba4a6d7006d917c, findElement {using=xpath, value=//input[@name='placeYourOrder1' and @class='a-button-input' and @aria-labelledby='bottomSubmitOrderButtonId-announce']}]
Capabilities {acceptInsecureCerts: false, browserName: chrome, browserVersion: 111.0.5563.147, chrome: {chromedriverVersion: 111.0.5563.64 (c710e93d5b63..., userDataDir: C:\Users\jayas\AppData\Loca...}, goog:chromeOptions: {debuggerAddress: localhost:52398}, networkConnectionEnabled: false, pageLoadStrategy: normal, platformName: WINDOWS, proxy: Proxy(), se:cdp: ws://localhost:52398/devtoo..., se:cdpVersion: 111.0.5563.147, setWindowRect: true, strictFileInteractability: false, timeouts: {implicit: 0, pageLoad: 300000, script: 30000}, unhandledPromptBehavior: dismiss and notify, webauthn:extension:credBlob: true, webauthn:extension:largeBlob: true, webauthn:extension:minPinLength: true, webauthn:extension:prf: true, webauthn:virtualAuthenticators: true}
Session ID: 32c801ed0644a076aba4a6d7006d917c
at java.base/jdk.internal.reflect.NativeConstructorAccessorImpl.newInstance0(Native Method)
at java.base/jdk.internal.reflect.NativeConstructorAccessorImpl.newInstance(NativeConstructorAccessorImpl.java:77)
at java.base/jdk.internal.reflect.DelegatingConstructorAccessorImpl.newInstance(DelegatingConstructorAccessorImpl.java:45)
at java.base/java.lang.reflect.Constructor.newInstanceWithCaller(Constructor.java:499)
at java.base/java.lang.reflect.Constructor.newInstance(Constructor.java:480)
at org.openqa.selenium.remote.codec.w3c.W3CHttpResponseCodec.createException(W3CHttpResponseCodec.java:200)
at org.openqa.selenium.remote.codec.w3c.W3CHttpResponseCodec.decode(W3CHttpResponseCodec.java:133)
at org.openqa.selenium.remote.codec.w3c.W3CHttpResponseCodec.decode(W3CHttpResponseCodec.java:53)
at org.openqa.selenium.remote.HttpCommandExecutor.execute(HttpCommandExecutor.java:193)
at org.openqa.selenium.remote.service.DriverCommandExecutor.invokeExecute(DriverCommandExecutor.java:183)
at org.openqa.selenium.remote.service.DriverCommandExecutor.execute(DriverCommandExecutor.java:158)
at org.openqa.selenium.remote.RemoteWebDriver.execute(RemoteWebDriver.java:543)
at org.openqa.selenium.remote.ElementLocation$ElementFinder$2.findElement(ElementLocation.java:162)
at org.openqa.selenium.remote.ElementLocation.findElement(ElementLocation.java:60)
at org.openqa.selenium.remote.RemoteWebDriver.findElement(RemoteWebDriver.java:352)
at org.openqa.selenium.remote.RemoteWebDriver.findElement(RemoteWebDriver.java:344)
at project.Amazon_new.OrderConfirmationTest(Amazon_new.java:107)
at java.base/jdk.internal.reflect.NativeMethodAccessorImpl.invoke0(Native Method)
at java.base/jdk.internal.reflect.NativeMethodAccessorImpl.invoke(NativeMethodAccessorImpl.java:77)
at java.base/jdk.internal.reflect.DelegatingMethodAccessorImpl.invoke(DelegatingMethodAccessorImpl.java:43)
at java.base/java.lang.reflect.Method.invoke(Method.java:568)
at org.testng.internal.MethodInvocationHelper.invokeMethod(MethodInvocationHelper.java:133)
at org.testng.internal.TestInvoker.invokeMethod(TestInvoker.java:598)
at org.testng.internal.TestInvoker.invokeTestMethod(TestInvoker.java:173)
at org.testng.internal.MethodRunner.runInSequence(MethodRunner.java:46)
at org.testng.internal.TestInvoker$MethodInvocationAgent.invoke(TestInvoker.java:824)
at org.testng.internal.TestInvoker.invokeTestMethods(TestInvoker.java:146)
at org.testng.internal.TestMethodWorker.invokeTestMethods(TestMethodWorker.java:146)
at org.testng.internal.TestMethodWorker.run(TestMethodWorker.java:128)
at java.base/java.util.ArrayList.forEach(ArrayList.java:1511)
at org.testng.TestRunner.privateRun(TestRunner.java:794)
at org.testng.TestRunner.run(TestRunner.java:596)
at org.testng.SuiteRunner.runTest(SuiteRunner.java:377)
at org.testng.SuiteRunner.runSequentially(SuiteRunner.java:371)
at org.testng.SuiteRunner.privateRun(SuiteRunner.java:332)
at org.testng.SuiteRunner.run(SuiteRunner.java:276)
at org.testng.SuiteRunnerWorker.runSuite(SuiteRunnerWorker.java:53)
at org.testng.SuiteRunnerWorker.run(SuiteRunnerWorker.java:96)
at org.testng.TestNG.runSuitesSequentially(TestNG.java:1212)
at org.testng.TestNG.runSuitesLocally(TestNG.java:1134)
at org.testng.TestNG.runSuites(TestNG.java:1063)
at org.testng.TestNG.run(TestNG.java:1031)
at org.testng.remote.AbstractRemoteTestNG.run(AbstractRemoteTestNG.java:115)
at org.testng.remote.RemoteTestNG.initAndRun(RemoteTestNG.java:251)
at org.testng.remote.RemoteTestNG.main(RemoteTestNG.java:77)
]]>
            </full-stacktrace>
          </exception> <!-- org.openqa.selenium.NoSuchElementException -->
          <reporter-output>
          </reporter-output>
        </test-method> <!-- OrderConfirmationTest -->
        <test-method is-config="true" signature="quit()[pri:0, instance:project.Amazon_new@78123e82]" started-at="2023-04-13T13:29:25 IST" name="quit" finished-at="2023-04-13T13:29:27 IST" duration-ms="1206" status="PASS">
          <reporter-output>
          </reporter-output>
        </test-method> <!-- quit -->
      </class> <!-- project.Amazon_new -->
    </test> <!-- Default test -->
  </suite> <!-- Default suite -->
</testng-results>
